<?xml version="1.0" encoding="UTF-8"?>
<!-- Generated by org.testng.reporters.JUnitXMLReporter -->
<testsuite hostname="wls.server.com" ignored="1" name="calc" tests="13" failures="0" timestamp="2020-10-04T19:46:31 IST" time="0.052" errors="0">
  <testcase name="divisionByZeroTest" time="0.002" classname="org.demo.app.CalculatorTest"/>
  <testcase name="divisionTest" time="0.002" classname="org.demo.app.CalculatorTest"/>
  <testcase name="exampleTest" time="0.0" classname="org.demo.app.CalculatorTest"/>
  <testcase name="multTest" time="0.001" classname="org.demo.app.CalculatorTest"/>
  <testcase name="multTestWithNegative" time="0.0" classname="org.demo.app.CalculatorTest"/>
  <testcase name="multTestWithNegative2" time="0.0" classname="org.demo.app.CalculatorTest"/>
  <testcase name="multTestWithZero" time="0.0" classname="org.demo.app.CalculatorTest"/>
  <testcase name="substractionTest" time="0.0" classname="org.demo.app.CalculatorTest"/>
  <testcase name="substractionTestWithNegative" time="0.0" classname="org.demo.app.CalculatorTest"/>
  <testcase name="substractionTestWithZero" time="0.0" classname="org.demo.app.CalculatorTest"/>
  <testcase name="sumTest" time="0.0" classname="org.demo.app.CalculatorTest"/>
  <testcase name="sumTestWithNegative" time="0.0" classname="org.demo.app.CalculatorTest"/>
  <testcase name="sumTestWithZero" time="0.0" classname="org.demo.app.CalculatorTest"/>
  <testcase name="substractionFailTest" time="0.0" classname="org.demo.app.CalculatorTest">
    <ignored/>
  </testcase> <!-- substractionFailTest -->
</testsuite> <!-- calc -->
